CalendarLibrary/build/outputs/logs/manifest-merger-release-report.txt
-- Merging decision tree log ---
manifest
ADDED from Suncere.GanSu.AS.AndroidApp\CalendarLibrary\AndroidManifest.xml:2:1-16:12
INJECTED from Suncere.GanSu.AS.AndroidApp\CalendarLibrary\AndroidManifest.xml:2:1-16:12
INJECTED from Suncere.GanSu.AS.AndroidApp\CalendarLibrary\AndroidManifest.xml:2:1-16:12
INJECTED from Suncere.GanSu.AS.AndroidApp\CalendarLibrary\AndroidManifest.xml:2:1-16:12
INJECTED from Suncere.GanSu.AS.AndroidApp\CalendarLibrary\AndroidManifest.xml:2:1-16:12
INJECTED from Suncere.GanSu.AS.AndroidApp\CalendarLibrary\AndroidManifest.xml:2:1-16:12
INJECTED from Suncere.GanSu.AS.AndroidApp\CalendarLibrary\AndroidManifest.xml:2:1-16:12
	package
		ADDED from Suncere.GanSu.AS.AndroidApp\CalendarLibrary\AndroidManifest.xml:3:5-42
		INJECTED from Suncere.GanSu.AS.AndroidApp\CalendarLibrary\AndroidManifest.xml
		INJECTED from Suncere.GanSu.AS.AndroidApp\CalendarLibrary\AndroidManifest.xml
	android:versionName
		ADDED from Suncere.GanSu.AS.AndroidApp\CalendarLibrary\AndroidManifest.xml:5:5-30
		INJECTED from Suncere.GanSu.AS.AndroidApp\CalendarLibrary\AndroidManifest.xml
		INJECTED from Suncere.GanSu.AS.AndroidApp\CalendarLibrary\AndroidManifest.xml
	xmlns:android
		ADDED from Suncere.GanSu.AS.AndroidApp\CalendarLibrary\AndroidManifest.xml:2:11-69
	android:versionCode
		ADDED from Suncere.GanSu.AS.AndroidApp\CalendarLibrary\AndroidManifest.xml:4:5-28
		INJECTED from Suncere.GanSu.AS.AndroidApp\CalendarLibrary\AndroidManifest.xml
		INJECTED from Suncere.GanSu.AS.AndroidApp\CalendarLibrary\AndroidManifest.xml
application
ADDED from Suncere.GanSu.AS.AndroidApp\CalendarLibrary\AndroidManifest.xml:7:5-14:19
	android:allowBackup
		ADDED from Suncere.GanSu.AS.AndroidApp\CalendarLibrary\AndroidManifest.xml:8:9-35
	android:theme
		ADDED from Suncere.GanSu.AS.AndroidApp\CalendarLibrary\AndroidManifest.xml:9:9-40
activity#com.suncere.calendarlibrary.MainActivity
ADDED from Suncere.GanSu.AS.AndroidApp\CalendarLibrary\AndroidManifest.xml:10:9-13:20
	android:name
		ADDED from Suncere.GanSu.AS.AndroidApp\CalendarLibrary\AndroidManifest.xml:11:13-68
uses-sdk
INJECTED from Suncere.GanSu.AS.AndroidApp\CalendarLibrary\AndroidManifest.xml reason: use-sdk injection requested
INJECTED from Suncere.GanSu.AS.AndroidApp\CalendarLibrary\AndroidManifest.xml
INJECTED from Suncere.GanSu.AS.AndroidApp\CalendarLibrary\AndroidManifest.xml
INJECTED from Suncere.GanSu.AS.AndroidApp\CalendarLibrary\AndroidManifest.xml
INJECTED from Suncere.GanSu.AS.AndroidApp\CalendarLibrary\AndroidManifest.xml
	android:targetSdkVersion
		INJECTED from Suncere.GanSu.AS.AndroidApp\CalendarLibrary\AndroidManifest.xml
		ADDED from Suncere.GanSu.AS.AndroidApp\CalendarLibrary\AndroidManifest.xml
		INJECTED from Suncere.GanSu.AS.AndroidApp\CalendarLibrary\AndroidManifest.xml
	android:minSdkVersion
		INJECTED from Suncere.GanSu.AS.AndroidApp\CalendarLibrary\AndroidManifest.xml
		ADDED from Suncere.GanSu.AS.AndroidApp\CalendarLibrary\AndroidManifest.xml
		INJECTED from Suncere.GanSu.AS.AndroidApp\CalendarLibrary\AndroidManifest.xml